                                                                                                                                                              ROB SAVOIE, A2
Item Number  |  Description  |  Qty  |  Price Per Unit  |  Extended Price  |  Discount Amount  |  Net Price  |  Product Class  |  Trans %  |  Trans Charge


   1111         1ST PLACE M     111               0.01               1.00                0.00          1.00           A               12.5           0.00

   2047         TYPEWRITER      105             801.00          84,105.00            4,205.00     88,310.00           B                8.5           0.85

   1742         HANDLE           20              10.00             200.00               10.00        210.00           A               12.5      11,038.75

   2149         USB DRIVE       150           1,200.00         180,000.00                0.00    180,000.00           C                0.0

   3761         TAPE              5           5,000.00          25,000.00                0.00     25,000.00           D                6.5     117,000.00

   2791         BOLTS           200               0.75             150.00                7.00        157.00           A               12.5       3,125.00

   3000         STAPLER         100               2.00             200.00               10.00        210.00           F                4.5          70.65

   3001         OVERHEAD PR     101              99.99          10,098.00              504.00     10,602.00           F                4.5          94.50

   3002         PENCILS          99               0.09               8.00                0.00          8.00           F                4.5       4,770.90

   4001         CANADIAN RU     184             150.29          27,653.00                0.00     27,653.00           D                0.0

   4003         CARPET           50              40.00           2,000.00                0.00      2,000.00           Z                6.5      17,974.45

   4005         WASTE BASKE       1               3.79               3.00                0.00          3.00           C                6.5       1,300.00

   5001         HINGES           10              10.00             100.00                0.00        100.00           A               12.5           0.37

   5003         PENS (GOLD)      10              49.99             499.00               24.00        523.00           B                8.5          85.00

   5004         PENS (BLACK     400               2.00             800.00                0.00        800.00           D                0.0

   8888         HIGH CHAIR      999           9,999.99       9,989,990.00          499,499.00    489,489.00           A               12.5         100.00

   8889         PLAY PEN        412              74.99          30,895.00            1,544.00     32,439.00           B                8.5   8,916,065.65

   0001         LOW BALL          1               0.01               0.00                0.00          0.00           G                6.5      21,085.35

   9999         LAST RECORD     999               0.01               9.00                0.00          9.00           A               12.5           0.00

