
Rob Savoie, Assignment 4               20220111                          1951043

                              EMPLOYEE SALARY REPORT               PAGE  1

 EMP  EMP                            PRESENT  INCREASE     PAY           NEW NUM  NAME          YEARS POSITION    SALARY     %       INCREASE       SALARY

 030 ALLDREN RUTH     21  ANALYST   20,200.00   0.0%        $0.00+ $        0.00
 004 ACHER WILLIAM     1             7,260.05   0.0%        $0.00+ $        0.00
 730 REEDE OWEN        9  SEN PROG   5,550.10   0.0%        $0.00+ $        0.00
 409 ICK MICK         25  ANALYST   99,999.99   0.0%        $0.00+ $        0.00
 111 CARTOLER VIOLET   2             9,980.07   0.0%        $0.00+ $        0.00
 590 NEIL CLARENCE     7  JR PROG      650.09   0.0%        $0.00+ $        0.00
 105 BOYLE RALPH       8  JR PROG   80,440.14   0.0%        $0.00+ $        0.00
 801 SCHEIBER HARRY    1            10,000.00   0.0%        $0.00+ $        0.00
 487 KING MILDRED     18  PROG       9,199.63   0.0%        $0.00+ $        0.00
 956 WANGLEY THEO      1             9,999.91   0.0%        $0.00+ $        0.00

 EMPLOYEE CLASS:        Analyst    Sen Prog    Prog    Jr Prog    Unclassified # ON THIS PAGE:              0           0       0          0               0

                              EMPLOYEE SALARY REPORT               PAGE  2

 EMP  EMP                            PRESENT  INCREASE     PAY           NEW NUM  NAME          YEARS POSITION    SALARY     %       INCREASE       SALARY

 317 HANBEE ALETA      3  PROG      50,000.03   0.0%        $0.00+ $        0.00
 318 HANEY CAROL       9  SEN PROG  50,000.14   0.0%        $0.00+ $        0.00
 027 ALHOUER ELAINE    1            25,730.02   0.0%        $0.00+ $        0.00
 100 BATES TONY        8  JR PROG   10,660.20   0.0%        $0.00+ $        0.00
 102 BELLSLEY ART      8  SEN PROG  30,000.09   0.0%        $0.00+ $        0.00
 282 ESTABAN JUAN     19  ANALYST   40,550.00   0.0%        $0.00+ $        0.00
 322 HARLETON JEAN     7  JR PROG    8,990.12   0.0%        $0.00+ $        0.00
 310 GORMALLY MARIE    3            30,220.06   0.0%        $0.00+ $        0.00
 921 ULL GEORGE       18  PROG      22,988.51   0.0%        $0.00+ $        0.00
 179 DAMSON ERIC       3  PROG      25,020.18   0.0%        $0.00+ $        0.00

 EMPLOYEE CLASS:        Analyst    Sen Prog    Prog    Jr Prog    Unclassified # ON THIS PAGE:              0           0       0          0               0

                              EMPLOYEE SALARY REPORT               PAGE  3

 EMP  EMP                            PRESENT  INCREASE     PAY           NEW NUM  NAME          YEARS POSITION    SALARY     %       INCREASE       SALARY

 185 DONNEMAN THOMAS   6  PROG       4,230.09   0.0%        $0.00+ $        0.00
 568 LYNNF GERALD      9  JR PROG   44,870.13   0.0%        $0.00+ $        0.00
 999 BAKER RON         3  PROG      30,000.14   0.0%        $0.00+ $        0.00
 215 EDSON WILBUR      6  JR PROG   70,500.08   0.0%        $0.00+ $        0.00
 607 ODELLE NICK      10  JR PROG   25,070.18   0.0%        $0.00+ $        0.00
 171 COSTA NAN        15  PROG       3,560.05   0.0%        $0.00+ $        0.00
 122 CENNA DICK        3            57,770.04   0.0%        $0.00+ $        0.00
 181 DELBERT EDWARD   12  SEN PROG   6,590.13   0.0%        $0.00+ $        0.00
 311 GROLER GRACE     23  PROG       6,430.20   0.0%        $0.00+ $        0.00
 825 TILLMAN DON      12  PROG       4,440.19   0.0%        $0.00+ $        0.00

 EMPLOYEE CLASS:        Analyst    Sen Prog    Prog    Jr Prog    Unclassified # ON THIS PAGE:              0           0       0          0               0

                              EMPLOYEE SALARY REPORT               PAGE  4

 EMP  EMP                            PRESENT  INCREASE     PAY           NEW NUM  NAME          YEARS POSITION    SALARY     %       INCREASE       SALARY

 325 HATFIELD MARK     1            11,220.02   0.0%        $0.00+ $        0.00
 214 EDMONSON RICK     2            10,000.00   0.0%        $0.00+ $        0.00
 332 HELD ANNA         2            40,000.02   0.0%        $0.00+ $        0.00
 689 OWNEY REED        4            31,746.03   0.0%        $0.00+ $        0.00
 834 TRAWLEY HARRIS    5  JR PROG   73,260.05   0.0%        $0.00+ $        0.00
 802 SHEA MICHAEL      6  PROG      20,330.08   0.0%        $0.00+ $        0.00
 505 LAMBERT JERRY     1            40,010.04   0.0%        $0.00+ $        0.00
 806 STOCKTON NORMAN   6  PROG      25,070.07   0.0%        $0.00+ $        0.00
 207 EBERHARDT RON     5  PROG      40,070.09   0.0%        $0.00+ $        0.00
 315 HALE ALAN        12  PROG      40,000.16   0.0%        $0.00+ $        0.00

 EMPLOYEE CLASS:        Analyst    Sen Prog    Prog    Jr Prog    Unclassified # ON THIS PAGE:              0           0       0          0               0

                              EMPLOYEE SALARY REPORT               PAGE  5

 EMP  EMP                            PRESENT  INCREASE     PAY           NEW NUM  NAME          YEARS POSITION    SALARY     %       INCREASE       SALARY

 739 RIDEL ROBERT      5  JR PROG    1,940.08   0.0%        $0.00+ $        0.00
 308 GLEASON JAMES     1            50,000.03   0.0%        $0.00+ $        0.00
 909 UDSON DORIS       1            44,990.03   0.0%        $0.00+ $        0.00
 292 EVERLEY DONNA     3  PROG      20,000.17   0.0%        $0.00+ $        0.00

 EMPLOYEE CLASS:        Analyst    Sen Prog    Prog    Jr Prog    Unclassified # ON THIS PAGE:              0           0       0          0               0

