
Rob Savoie, Assignment 4               20220111                          1951043

                              EMPLOYEE SALARY REPORT               PAGE  1

 EMP  EMP                            PRESENT  INCREASE     PAY           NEW NUM  NAME          YEARS POSITION    SALARY     %       INCREASE       SALARY

 004 ACHER WILLIAM     1             7,260.05               $0.00 +$    7,260.05
 590 NEIL CLARENCE     7   JR PROG     650.09               $0.00 +$    7,260.05
 801 SCHEIBER HARRY    1            10,000.00               $0.00 +$   10,000.00
 956 WANGLEY THEO      1             9,999.91               $0.00 +$    9,999.91
 311 GROLER GRACE     23      PROG   6,430.20   6.7%      $430.82 +$    6,861.02
 487 KING MILDRED     18      PROG   9,199.63   6.7%      $616.38 +$    9,816.01
 834 TRAWLEY HARRIS    5   JR PROG  73,260.05   6.7%      $616.38 +$    9,816.01
 171 COSTA NAN        15      PROG   3,560.05   6.7%      $238.52 +$    3,798.57
 739 RIDEL ROBERT      5   JR PROG   1,940.08   6.7%      $238.52 +$    3,798.57
 122 CENNA DICK        3            57,770.04               $0.00 +$   57,770.04
 568 LYNNF GERALD      9   JR PROG  44,870.13               $0.00 +$   57,770.04
 909 UDSON DORIS       1            44,990.03               $0.00 +$   44,990.03
 100 BATES TONY        8   JR PROG  10,660.20               $0.00 +$   44,990.03
 179 DAMSON ERIC       3            25,020.18               $0.00 +$   25,020.18
 825 TILLMAN DON      12      PROG   4,440.19   6.7%      $297.49 +$    4,737.68
 214 EDMONSON RICK     2            10,000.00               $0.00 +$   10,000.00
 310 GORMALLY MARIE    3            30,220.06               $0.00 +$   30,220.06
 689 OWNEY REED        4            31,746.03               $0.00 +$   31,746.03
 322 HARLETON JEAN     7   JR PROG   8,990.12               $0.00 +$   31,746.03
 921 ULL GEORGE       18      PROG  22,988.51   6.7%    $1,540.23 +$   24,528.74

 EMPLOYEE CLASS:        Analyst    Sen Prog    Prog    Jr Prog    Unclassified # ON THIS PAGE:              0           0       5          0               9

                              EMPLOYEE SALARY REPORT               PAGE  2

 EMP  EMP                            PRESENT  INCREASE     PAY           NEW NUM  NAME          YEARS POSITION    SALARY     %       INCREASE       SALARY

 105 BOYLE RALPH       8   JR PROG  80,440.14   6.7%    $1,540.23 +$   24,528.74
 315 HALE ALAN        12      PROG  40,000.16   6.7%    $2,680.01 +$   42,680.17

 EMPLOYEE CLASS:        Analyst    Sen Prog    Prog    Jr Prog    Unclassified # ON THIS PAGE:              0           0       1          0               0

 AVERAGE INCREASES:   ANALYST=         0.00     SEN PROG=       0.00
                      PROG=            0.00     JR PROG=        0.00
