                                                               Robert Savoie, Assignment 3

                                  SALES COMMISSION REPORT
NO.     NAME      SALES     MIN      MAX    RATE     EARNED      PAID     BONUS/NO BONUS
---   --------   -------  -------  -------  ----- ----------  ----------  ----------------00

01

02

03

04

05

06

07

08

09

                                  SALES COMMISSION REPORT
NO.     NAME      SALES     MIN      MAX    RATE     EARNED      PAID     BONUS/NO BONUS
---   --------   -------  -------  -------  ----- ----------  ----------  ----------------00

01

02

03

04

05

06

07

08

09

                                  SALES COMMISSION REPORT
NO.     NAME      SALES     MIN      MAX    RATE     EARNED      PAID     BONUS/NO BONUS
---   --------   -------  -------  -------  ----- ----------  ----------  ----------------00

01

02

03

04

05

